0 info it worked if it ends with ok
1 verbose cli [ '/Users/admin/.nvm/v0.8.14/bin/node',
1 verbose cli   '/Users/admin/.nvm/v0.8.14/bin/npm',
1 verbose cli   'start' ]
2 info using npm@1.1.65
3 info using node@v0.8.14
4 verbose read json /Users/admin/projects/node/realtime/RealCrazy/package.json
5 warn package.json RealCrazy@0.0.1 No README.md file found!
6 verbose run-script [ 'prestart', 'start', 'poststart' ]
7 info prestart RealCrazy@0.0.1
8 info start RealCrazy@0.0.1
9 verbose unsafe-perm in lifecycle true
10 silly exec sh "-c" "node app"
11 silly sh,-c,node app,/Users/admin/projects/node/realtime/RealCrazy spawning
12 info RealCrazy@0.0.1 Failed to exec start script
13 error RealCrazy@0.0.1 start: `node app`
13 error `sh "-c" "node app"` failed with 1
14 error Failed at the RealCrazy@0.0.1 start script.
14 error This is most likely a problem with the RealCrazy package,
14 error not with npm itself.
14 error Tell the author that this fails on your system:
14 error     node app
14 error You can get their info via:
14 error     npm owner ls RealCrazy
14 error There is likely additional logging output above.
15 error System Darwin 12.2.0
16 error command "/Users/admin/.nvm/v0.8.14/bin/node" "/Users/admin/.nvm/v0.8.14/bin/npm" "start"
17 error cwd /Users/admin/projects/node/realtime/RealCrazy
18 error node -v v0.8.14
19 error npm -v 1.1.65
20 error code ELIFECYCLE
21 verbose exit [ 1, true ]
